[2021-02-26 08:14:00.382] [renderer1] [error] [File Watcher (node.js)] Error: ENOENT: no such file or directory, stat '/home/alfanshter/api/api-waktani/.vscode'
[2021-02-26 08:15:06.052] [renderer1] [error] <syntax> TypeScript Server Error (4.1.5)
Debug Failure. False expression: Expected line to be non-zero
Error: Debug Failure. False expression: Expected line to be non-zero
    at failIfInvalidLocation (/snap/code/55/usr/share/code/resources/app/extensions/node_modules/typescript/lib/tsserver.js:150570:22)
    at ScriptInfo.positionToLineOffset (/snap/code/55/usr/share/code/resources/app/extensions/node_modules/typescript/lib/tsserver.js:150537:17)
    at toProtocolTextSpan (/snap/code/55/usr/share/code/resources/app/extensions/node_modules/typescript/lib/tsserver.js:158360:35)
    at /snap/code/55/usr/share/code/resources/app/extensions/node_modules/typescript/lib/tsserver.js:157833:68
    at Array.map (<anonymous>)
    at IOSession.Session.toLocationNavigationTree (/snap/code/55/usr/share/code/resources/app/extensions/node_modules/typescript/lib/tsserver.js:157833:39)
    at IOSession.Session.getNavigationTree (/snap/code/55/usr/share/code/resources/app/extensions/node_modules/typescript/lib/tsserver.js:157844:32)
    at Session.handlers.ts.Map.ts.getEntries._a.<computed> (/snap/code/55/usr/share/code/resources/app/extensions/node_modules/typescript/lib/tsserver.js:156634:61)
    at /snap/code/55/usr/share/code/resources/app/extensions/node_modules/typescript/lib/tsserver.js:158286:88
    at IOSession.Session.executeWithRequestId (/snap/code/55/usr/share/code/resources/app/extensions/node_modules/typescript/lib/tsserver.js:158277:28)
    at IOSession.Session.executeCommand (/snap/code/55/usr/share/code/resources/app/extensions/node_modules/typescript/lib/tsserver.js:158286:33)
    at IOSession.Session.onMessage (/snap/code/55/usr/share/code/resources/app/extensions/node_modules/typescript/lib/tsserver.js:158310:35)
    at Interface.<anonymous> (/snap/code/55/usr/share/code/resources/app/extensions/node_modules/typescript/lib/tsserver.js:160520:27)
    at Interface.emit (events.js:315:20)
    at Interface._onLine (readline.js:329:10)
    at Interface._normalWrite (readline.js:474:12)
    at Socket.ondata (readline.js:186:10)
    at Socket.emit (events.js:315:20)
    at addChunk (_stream_readable.js:295:12)
    at readableAddChunk (_stream_readable.js:271:9)
    at Socket.Readable.push (_stream_readable.js:212:10)
    at Pipe.onStreamRead (internal/stream_base_commons.js:186:23): Error: <syntax> TypeScript Server Error (4.1.5)
Debug Failure. False expression: Expected line to be non-zero
Error: Debug Failure. False expression: Expected line to be non-zero
    at failIfInvalidLocation (/snap/code/55/usr/share/code/resources/app/extensions/node_modules/typescript/lib/tsserver.js:150570:22)
    at ScriptInfo.positionToLineOffset (/snap/code/55/usr/share/code/resources/app/extensions/node_modules/typescript/lib/tsserver.js:150537:17)
    at toProtocolTextSpan (/snap/code/55/usr/share/code/resources/app/extensions/node_modules/typescript/lib/tsserver.js:158360:35)
    at /snap/code/55/usr/share/code/resources/app/extensions/node_modules/typescript/lib/tsserver.js:157833:68
    at Array.map (<anonymous>)
    at IOSession.Session.toLocationNavigationTree (/snap/code/55/usr/share/code/resources/app/extensions/node_modules/typescript/lib/tsserver.js:157833:39)
    at IOSession.Session.getNavigationTree (/snap/code/55/usr/share/code/resources/app/extensions/node_modules/typescript/lib/tsserver.js:157844:32)
    at Session.handlers.ts.Map.ts.getEntries._a.<computed> (/snap/code/55/usr/share/code/resources/app/extensions/node_modules/typescript/lib/tsserver.js:156634:61)
    at /snap/code/55/usr/share/code/resources/app/extensions/node_modules/typescript/lib/tsserver.js:158286:88
    at IOSession.Session.executeWithRequestId (/snap/code/55/usr/share/code/resources/app/extensions/node_modules/typescript/lib/tsserver.js:158277:28)
    at IOSession.Session.executeCommand (/snap/code/55/usr/share/code/resources/app/extensions/node_modules/typescript/lib/tsserver.js:158286:33)
    at IOSession.Session.onMessage (/snap/code/55/usr/share/code/resources/app/extensions/node_modules/typescript/lib/tsserver.js:158310:35)
    at Interface.<anonymous> (/snap/code/55/usr/share/code/resources/app/extensions/node_modules/typescript/lib/tsserver.js:160520:27)
    at Interface.emit (events.js:315:20)
    at Interface._onLine (readline.js:329:10)
    at Interface._normalWrite (readline.js:474:12)
    at Socket.ondata (readline.js:186:10)
    at Socket.emit (events.js:315:20)
    at addChunk (_stream_readable.js:295:12)
    at readableAddChunk (_stream_readable.js:271:9)
    at Socket.Readable.push (_stream_readable.js:212:10)
    at Pipe.onStreamRead (internal/stream_base_commons.js:186:23)
	at Function.create (/snap/code/55/usr/share/code/resources/app/extensions/typescript-language-features/dist/extension.js:1:73508)
	at dispatchResponse (/snap/code/55/usr/share/code/resources/app/extensions/typescript-language-features/dist/extension.js:1:67383)
	at dispatchMessage (/snap/code/55/usr/share/code/resources/app/extensions/typescript-language-features/dist/extension.js:1:66242)
	at /snap/code/55/usr/share/code/resources/app/extensions/typescript-language-features/dist/extension.js:1:65752
	at v.fire (/snap/code/55/usr/share/code/resources/app/out/vs/workbench/services/extensions/node/extensionHostProcess.js:55:1836)
	at g.onLengthData (/snap/code/55/usr/share/code/resources/app/extensions/typescript-language-features/dist/extension.js:45:60030)
	at Socket.<anonymous> (/snap/code/55/usr/share/code/resources/app/extensions/typescript-language-features/dist/extension.js:45:59678)
	at Socket.emit (events.js:315:20)
	at addChunk (_stream_readable.js:295:12)
	at readableAddChunk (_stream_readable.js:271:9)
	at Socket.Readable.push (_stream_readable.js:212:10)
	at Pipe.onStreamRead (internal/stream_base_commons.js:186:23)
[2021-02-26 08:53:13.983] [renderer1] [error] Can't run recursive splices.: Error: Can't run recursive splices.
    at o.splice (file:///snap/code/55/usr/share/code/resources/app/out/vs/workbench/workbench.desktop.main.js:124:11096)
    at file:///snap/code/55/usr/share/code/resources/app/out/vs/workbench/workbench.desktop.main.js:3:139342
    at Array.forEach (<anonymous>)
    at t.splice (file:///snap/code/55/usr/share/code/resources/app/out/vs/workbench/workbench.desktop.main.js:3:139329)
    at file:///snap/code/55/usr/share/code/resources/app/out/vs/workbench/workbench.desktop.main.js:138:7711
    at d.bufferEvents (file:///snap/code/55/usr/share/code/resources/app/out/vs/workbench/workbench.desktop.main.js:55:4384)
    at L.splice (file:///snap/code/55/usr/share/code/resources/app/out/vs/workbench/workbench.desktop.main.js:138:7678)
    at L.splice (file:///snap/code/55/usr/share/code/resources/app/out/vs/workbench/workbench.desktop.main.js:162:44086)
    at Object.splice (file:///snap/code/55/usr/share/code/resources/app/out/vs/workbench/workbench.desktop.main.js:56:63632)
    at C.refilter (file:///snap/code/55/usr/share/code/resources/app/out/vs/workbench/workbench.desktop.main.js:56:49818)
    at D.refilter (file:///snap/code/55/usr/share/code/resources/app/out/vs/workbench/workbench.desktop.main.js:56:57484)
    at u.refilter (file:///snap/code/55/usr/share/code/resources/app/out/vs/workbench/workbench.desktop.main.js:56:62728)
    at h.refilter (file:///snap/code/55/usr/share/code/resources/app/out/vs/workbench/workbench.desktop.main.js:56:65892)
    at C.refilter (file:///snap/code/55/usr/share/code/resources/app/out/vs/workbench/workbench.desktop.main.js:163:873)
    at I.updateOptions (file:///snap/code/55/usr/share/code/resources/app/out/vs/workbench/workbench.desktop.main.js:162:36192)
    at C.updateOptions (file:///snap/code/55/usr/share/code/resources/app/out/vs/workbench/workbench.desktop.main.js:162:48603)
    at C.updateOptions (file:///snap/code/55/usr/share/code/resources/app/out/vs/workbench/workbench.desktop.main.js:163:8490)
    at G.updateOptions (file:///snap/code/55/usr/share/code/resources/app/out/vs/workbench/workbench.desktop.main.js:163:26799)
    at qr.setEditable (file:///snap/code/55/usr/share/code/resources/app/out/vs/workbench/workbench.desktop.main.js:2546:19859)
    at Lo.setEditable (file:///snap/code/55/usr/share/code/resources/app/out/vs/workbench/workbench.desktop.main.js:1884:17572)
    at Object.onFinish (file:///snap/code/55/usr/share/code/resources/app/out/vs/workbench/workbench.desktop.main.js:2545:12001)
    at Object.<anonymous> (file:///snap/code/55/usr/share/code/resources/app/out/vs/workbench/workbench.desktop.main.js:2545:45454)
    at file:///snap/code/55/usr/share/code/resources/app/out/vs/workbench/workbench.desktop.main.js:6:6231
    at HTMLInputElement.<anonymous> (file:///snap/code/55/usr/share/code/resources/app/out/vs/workbench/workbench.desktop.main.js:2545:46049)
    at h.focus (file:///snap/code/55/usr/share/code/resources/app/out/vs/workbench/workbench.desktop.main.js:163:68856)
    at Ea.renderInputBox (file:///snap/code/55/usr/share/code/resources/app/out/vs/workbench/workbench.desktop.main.js:2545:45269)
    at Ea.renderElement (file:///snap/code/55/usr/share/code/resources/app/out/vs/workbench/workbench.desktop.main.js:2545:42788)
    at E.renderElement (file:///snap/code/55/usr/share/code/resources/app/out/vs/workbench/workbench.desktop.main.js:163:25063)
    at y.renderElement (file:///snap/code/55/usr/share/code/resources/app/out/vs/workbench/workbench.desktop.main.js:163:7194)
    at w.renderElement (file:///snap/code/55/usr/share/code/resources/app/out/vs/workbench/workbench.desktop.main.js:162:30212)
    at z.renderElement (file:///snap/code/55/usr/share/code/resources/app/out/vs/workbench/workbench.desktop.main.js:138:1588)
    at o.insertItemInDOM (file:///snap/code/55/usr/share/code/resources/app/out/vs/workbench/workbench.desktop.main.js:124:17138)
    at o._splice (file:///snap/code/55/usr/share/code/resources/app/out/vs/workbench/workbench.desktop.main.js:124:12953)
    at o.splice (file:///snap/code/55/usr/share/code/resources/app/out/vs/workbench/workbench.desktop.main.js:124:11171)
    at file:///snap/code/55/usr/share/code/resources/app/out/vs/workbench/workbench.desktop.main.js:3:139342
    at Array.forEach (<anonymous>)
    at t.splice (file:///snap/code/55/usr/share/code/resources/app/out/vs/workbench/workbench.desktop.main.js:3:139329)
    at file:///snap/code/55/usr/share/code/resources/app/out/vs/workbench/workbench.desktop.main.js:138:7711
    at d.bufferEvents (file:///snap/code/55/usr/share/code/resources/app/out/vs/workbench/workbench.desktop.main.js:55:4384)
    at L.splice (file:///snap/code/55/usr/share/code/resources/app/out/vs/workbench/workbench.desktop.main.js:138:7678)
    at L.splice (file:///snap/code/55/usr/share/code/resources/app/out/vs/workbench/workbench.desktop.main.js:162:44086)
    at Object.splice (file:///snap/code/55/usr/share/code/resources/app/out/vs/workbench/workbench.desktop.main.js:56:63632)
    at C.spliceSimple (file:///snap/code/55/usr/share/code/resources/app/out/vs/workbench/workbench.desktop.main.js:56:47189)
    at C.splice (file:///snap/code/55/usr/share/code/resources/app/out/vs/workbench/workbench.desktop.main.js:56:45418)
    at D._setChildren (file:///snap/code/55/usr/share/code/resources/app/out/vs/workbench/workbench.desktop.main.js:56:55297)
    at D.setChildren (file:///snap/code/55/usr/share/code/resources/app/out/vs/workbench/workbench.desktop.main.js:56:54635)
    at u._setChildren (file:///snap/code/55/usr/share/code/resources/app/out/vs/workbench/workbench.desktop.main.js:56:61195)
    at u.setChildren (file:///snap/code/55/usr/share/code/resources/app/out/vs/workbench/workbench.desktop.main.js:56:60640)
    at h.setChildren (file:///snap/code/55/usr/share/code/resources/app/out/vs/workbench/workbench.desktop.main.js:56:64767)
    at C.setChildren (file:///snap/code/55/usr/share/code/resources/app/out/vs/workbench/workbench.desktop.main.js:163:8378)
    at G.render (file:///snap/code/55/usr/share/code/resources/app/out/vs/workbench/workbench.desktop.main.js:163:23111)
    at G.render (file:///snap/code/55/usr/share/code/resources/app/out/vs/workbench/workbench.desktop.main.js:163:27675)
    at G.refreshAndRenderNode (file:///snap/code/55/usr/share/code/resources/app/out/vs/workbench/workbench.desktop.main.js:163:19816)
    at async G._updateChildren (file:///snap/code/55/usr/share/code/resources/app/out/vs/workbench/workbench.desktop.main.js:163:17022)
    at async G.updateChildren (file:///snap/code/55/usr/share/code/resources/app/out/vs/workbench/workbench.desktop.main.js:163:16688)
    at async qr.setEditable (file:///snap/code/55/usr/share/code/resources/app/out/vs/workbench/workbench.desktop.main.js:2546:20003)
    at async Lo.setEditable (file:///snap/code/55/usr/share/code/resources/app/out/vs/workbench/workbench.desktop.main.js:1884:17556)
    at async ye (file:///snap/code/55/usr/share/code/resources/app/out/vs/workbench/workbench.desktop.main.js:2545:11892)
    at async handler (file:///snap/code/55/usr/share/code/resources/app/out/vs/workbench/workbench.desktop.main.js:2545:12116)
